#
# An unexpected error has been detected by Java Runtime Environment:
#
#  EXCEPTION_ACCESS_VIOLATION (0xc0000005) at pc=0x000000007ad3ace1, pid=5896, tid=5904
#
# Java VM: Java HotSpot(TM) 64-Bit Server VM (11.2-b01 mixed mode windows-amd64)
# Problematic frame:
# C  [mcr.dll+0x4ace1]
#
# If you would like to submit a bug report, please visit:
#   http://java.sun.com/webapps/bugreport/crash.jsp
# The crash happened outside the Java Virtual Machine in native code.
# See problematic frame for where to report the bug.
#

---------------  T H R E A D  ---------------

Current thread (0x000000000173f400):  JavaThread "main" [_thread_in_native, id=5904, stack(0x0000000000030000,0x0000000001030000)]

siginfo: ExceptionCode=0xc0000005, reading address 0x0000000000000060

Registers:
EAX=0x0000000000000001, EBX=0x00000000019378f0, ECX=0x00000000776014ba, EDX=0x0000000000000000
ESP=0x000000000102e160, EBP=0x0000000000000000, ESI=0x0000000001937908, EDI=0x0000000000000000
EIP=0x000000007ad3ace1, EFLAGS=0x0000000000010202

Top of Stack: (sp=0x000000000102e160)
0x000000000102e160:   0000000000000000 0000000000000000
0x000000000102e170:   0000000000000000 0000000000000000
0x000000000102e180:   fffffffffffffffe 0000000000001710
0x000000000102e190:   0000000000000000 0000000000000000
0x000000000102e1a0:   0000000000000000 0000000000000000
0x000000000102e1b0:   0000000033536e80 000000007acf15bf
0x000000000102e1c0:   00000000019378f0 000000000102e288
0x000000000102e1d0:   0000000000000200 000000000102e210
0x000000000102e1e0:   00000000ffffffff 000000007ad423cd
0x000000000102e1f0:   0000000000000000 0000000001933340
0x000000000102e200:   fffffffffffffffe 000000001c959990
0x000000000102e210:   0000000000000000 00000000775e11bd
0x000000000102e220:   00000000ffffffff 000000000102e350
0x000000000102e230:   000000000193ade0 00730065006c0069
0x000000000102e240:   004d005c00730073 0041004c00540041
0x000000000102e250:   00690062005c0042 00690077005c006e 

Instructions: (pc=0x000000007ad3ace1)
0x000000007ad3acd1:   24 60 ff 15 e7 e1 00 00 90 48 8b 3d 97 c9 03 00
0x000000007ad3ace1:   48 39 7d 60 75 06 80 7d 59 00 75 6a 48 85 ff 74 


Stack: [0x0000000000030000,0x0000000001030000],  sp=0x000000000102e160,  free space=16376k
Native frames: (J=compiled Java code, j=interpreted, Vv=VM code, C=native code)
C  [mcr.dll+0x4ace1]

[error occurred during error reporting (printing native stack), id 0xc0000005]

Java frames: (J=compiled Java code, j=interpreted, Vv=VM code)
j  com.mathworks.jmi.NativeMatlab.SendMatlabMessage(Ljava/lang/Object;)Ljava/lang/Object;+0
j  com.mathworks.jmi.NativeMatlab.sendMatlabMessage(Ljava/lang/Object;)Ljava/lang/Object;+22
j  com.mathworks.jmi.MatlabLooper.sendMatlabMessage(Lcom/mathworks/services/message/MWMessage;)Ljava/lang/Object;+20
j  com.mathworks.jmi.Matlab.mtFevalConsoleOutput(Ljava/lang/String;[Ljava/lang/Object;I)Ljava/lang/Object;+58
j  com.mathworks.mde.desk.MLDesktop$9.run()V+14
j  com.mathworks.jmi.NativeMatlab.dispatchMTRequests(Z)V+50
v  ~StubRoutines::call_stub

---------------  P R O C E S S  ---------------

Java Threads: ( => current thread )
  0x0000000031c45c00 JavaThread "Thread-15" [_thread_blocked, id=6836, stack(0x00000000334a0000,0x0000000033520000)]
  0x0000000031c45800 JavaThread "Thread-14" [_thread_blocked, id=6832, stack(0x0000000033420000,0x00000000334a0000)]
  0x0000000031c45000 JavaThread "Thread-13" [_thread_blocked, id=6828, stack(0x00000000333a0000,0x0000000033420000)]
  0x0000000031c44800 JavaThread "Thread-12" [_thread_blocked, id=6824, stack(0x0000000033320000,0x00000000333a0000)]
  0x0000000031c44000 JavaThread "Thread-11" [_thread_blocked, id=6816, stack(0x0000000031900000,0x0000000031980000)]
  0x0000000031c43800 JavaThread "Thread-10" [_thread_blocked, id=6812, stack(0x0000000031370000,0x00000000313f0000)]
  0x0000000031c43400 JavaThread "Thread-9" [_thread_blocked, id=6804, stack(0x00000000332a0000,0x0000000033320000)]
  0x0000000031c42c00 JavaThread "Thread-8" [_thread_blocked, id=6796, stack(0x0000000033220000,0x00000000332a0000)]
  0x0000000031c42400 JavaThread "Active Reference Queue Daemon" daemon [_thread_blocked, id=6760, stack(0x0000000032d90000,0x0000000032e10000)]
  0x0000000031c41c00 JavaThread "Timer-2" daemon [_thread_blocked, id=6756, stack(0x0000000032d10000,0x0000000032d90000)]
  0x0000000031c41800 JavaThread "FelixPackageAdmin" daemon [_thread_blocked, id=6752, stack(0x0000000032c90000,0x0000000032d10000)]
  0x0000000031c41000 JavaThread "FelixStartLevel" daemon [_thread_blocked, id=6748, stack(0x0000000032c10000,0x0000000032c90000)]
  0x0000000031c40800 JavaThread "FelixDispatchQueue" [_thread_blocked, id=6744, stack(0x0000000032b90000,0x0000000032c10000)]
  0x0000000031c40000 JavaThread "Timer-1" daemon [_thread_blocked, id=6732, stack(0x0000000032b10000,0x0000000032b90000)]
  0x0000000031de8000 JavaThread "TimerQueue" daemon [_thread_blocked, id=6588, stack(0x0000000031a00000,0x0000000031a80000)]
  0x00000000304c7800 JavaThread "AWT-EventQueue-0" [_thread_blocked, id=6572, stack(0x0000000031980000,0x0000000031a00000)]
  0x0000000031002400 JavaThread "AWT-Shutdown" [_thread_blocked, id=6568, stack(0x0000000010360000,0x00000000103e0000)]
  0x000000003063e800 JavaThread "Image Fetcher 2" daemon [_thread_blocked, id=6552, stack(0x00000000313f0000,0x0000000031470000)]
  0x0000000030882400 JavaThread "Image Fetcher 0" daemon [_thread_blocked, id=6544, stack(0x0000000031090000,0x0000000031110000)]
  0x00000000304a6c00 JavaThread "AWT-Windows" daemon [_thread_in_native, id=6436, stack(0x00000000102e0000,0x0000000010360000)]
  0x000000002c2d6800 JavaThread "Java2D Disposer" daemon [_thread_blocked, id=6428, stack(0x00000000101e0000,0x0000000010260000)]
  0x0000000030769400 JavaThread "Timer-0" [_thread_blocked, id=6344, stack(0x0000000010110000,0x0000000010190000)]
  0x000000003051a000 JavaThread "JMI Unnamed Thread" [_thread_in_native, id=6072, stack(0x000000000a700000,0x000000000b700000)]
  0x000000002c2b6c00 JavaThread "Low Memory Detector" daemon [_thread_blocked, id=6276, stack(0x0000000010090000,0x0000000010110000)]
  0x000000002c2b5800 JavaThread "CompilerThread1" daemon [_thread_blocked, id=6272, stack(0x000000002e490000,0x000000002f490000)]
  0x000000002c2a9800 JavaThread "CompilerThread0" daemon [_thread_blocked, id=6268, stack(0x000000002d490000,0x000000002e490000)]
  0x000000002c2a8000 JavaThread "Attach Listener" daemon [_thread_blocked, id=6264, stack(0x0000000010010000,0x0000000010090000)]
  0x000000002c23c000 JavaThread "Finalizer" daemon [_thread_blocked, id=4984, stack(0x000000002d410000,0x000000002d490000)]
  0x000000002c236000 JavaThread "Reference Handler" daemon [_thread_blocked, id=1212, stack(0x000000002d390000,0x000000002d410000)]
=>0x000000000173f400 JavaThread "main" [_thread_in_native, id=5904, stack(0x0000000000030000,0x0000000001030000)]

Other Threads:
  0x000000000183ec00 VMThread [stack: 0x000000002c390000,0x000000002d390000] [id=4844]
  0x000000002c2d7000 WatcherThread [stack: 0x000000002f490000,0x0000000030490000] [id=6280]

VM state:not at safepoint (normal execution)

VM Mutex/Monitor currently owned by a thread: None

Heap
 PSYoungGen      total 35136K, used 24055K [0x0000000025050000, 0x0000000028020000, 0x0000000028150000)
  eden space 21696K, 92% used [0x0000000025050000,0x0000000026403660,0x0000000026580000)
  from space 13440K, 28% used [0x0000000027250000,0x000000002761a790,0x0000000027f70000)
  to   space 13120K, 0% used [0x0000000026580000,0x0000000026580000,0x0000000027250000)
 PSOldGen        total 57408K, used 30123K [0x000000001bd50000, 0x000000001f560000, 0x0000000025050000)
  object space 57408K, 52% used [0x000000001bd50000,0x000000001dabae80,0x000000001f560000)
 PSPermGen       total 75776K, used 39551K [0x0000000013d50000, 0x0000000018750000, 0x000000001bd50000)
  object space 75776K, 52% used [0x0000000013d50000,0x00000000163efe58,0x0000000018750000)

Dynamic libraries:
0x0000000140000000 - 0x0000000140038000 	D:\filesss\MATLAB\bin\win64\MATLAB.exe
0x00000000775b0000 - 0x0000000077759000 	C:\windows\SYSTEM32\ntdll.dll
0x0000000077490000 - 0x00000000775af000 	C:\windows\system32\kernel32.dll
0x000007fefdd70000 - 0x000007fefdddb000 	C:\windows\system32\KERNELBASE.dll
0x000000007cdb0000 - 0x000000007ceb9000 	D:\filesss\MATLAB\bin\win64\libut.dll
0x000007fefe0a0000 - 0x000007fefe0b9000 	C:\windows\system32\imagehlp.dll
0x000007feff810000 - 0x000007feff8af000 	C:\windows\system32\msvcrt.dll
0x000007feff320000 - 0x000007feff3fb000 	C:\windows\system32\ADVAPI32.dll
0x000007feff750000 - 0x000007feff76f000 	C:\windows\SYSTEM32\sechost.dll
0x000007fefe350000 - 0x000007fefe47d000 	C:\windows\system32\RPCRT4.dll
0x0000000077770000 - 0x0000000077777000 	C:\windows\system32\PSAPI.DLL
0x000000007d620000 - 0x000000007d648000 	D:\filesss\MATLAB\bin\win64\LIBEXPAT.dll
0x0000000071e50000 - 0x0000000071f19000 	C:\windows\WinSxS\amd64_microsoft.vc80.crt_1fc8b3b9a1e18e3b_8.0.50727.6195_none_88e41e092fab0294\MSVCR80.dll
0x000000007d320000 - 0x000000007d44c000 	D:\filesss\MATLAB\bin\win64\icuuc40.dll
0x000000007c760000 - 0x000000007c763000 	D:\filesss\MATLAB\bin\win64\icudt40.dll
0x000000007c770000 - 0x000000007c780000 	D:\filesss\MATLAB\bin\win64\icuio40.dll
0x000000007ca60000 - 0x000000007cbb3000 	D:\filesss\MATLAB\bin\win64\icuin40.dll
0x0000000071d40000 - 0x0000000071e49000 	C:\windows\WinSxS\amd64_microsoft.vc80.crt_1fc8b3b9a1e18e3b_8.0.50727.6195_none_88e41e092fab0294\MSVCP80.dll
0x0000000076ed0000 - 0x0000000076fca000 	C:\windows\system32\USER32.dll
0x000007feff2b0000 - 0x000007feff317000 	C:\windows\system32\GDI32.dll
0x000007feff8b0000 - 0x000007feff8be000 	C:\windows\system32\LPK.dll
0x000007fefe280000 - 0x000007fefe349000 	C:\windows\system32\USP10.dll
0x0000000078820000 - 0x0000000078890000 	D:\filesss\MATLAB\bin\win64\libmwfl.dll
0x000000007e820000 - 0x000000007e82f000 	D:\filesss\MATLAB\bin\win64\boost_date_time-vc80-mt-1_36.dll
0x000000007e800000 - 0x000000007e816000 	D:\filesss\MATLAB\bin\win64\boost_signals-vc80-mt-1_36.dll
0x000000007dae0000 - 0x000000007dae9000 	D:\filesss\MATLAB\bin\win64\boost_system-vc80-mt-1_36.dll
0x000000007c740000 - 0x000000007c751000 	D:\filesss\MATLAB\bin\win64\boost_thread-vc80-mt-1_36.dll
0x000000007cf70000 - 0x000000007d1e1000 	D:\filesss\MATLAB\bin\win64\libmwservices.dll
0x000000007cec0000 - 0x000000007cf6f000 	D:\filesss\MATLAB\bin\win64\libmx.dll
0x0000000079070000 - 0x0000000079087000 	D:\filesss\MATLAB\bin\win64\zlib1.dll
0x000000007d1f0000 - 0x000000007d318000 	D:\filesss\MATLAB\bin\win64\libmwmathutil.dll
0x000000007a660000 - 0x000000007a6b8000 	D:\filesss\MATLAB\bin\win64\mpath.dll
0x000000007d650000 - 0x000000007d6a1000 	D:\filesss\MATLAB\bin\win64\mlutil.dll
0x00000000787b0000 - 0x00000000787ee000 	D:\filesss\MATLAB\bin\win64\tbb.dll
0x000007fefcab0000 - 0x000007fefcb50000 	C:\windows\WinSxS\amd64_microsoft.windows.common-controls_6595b64144ccf1df_5.82.7601.17514_none_a4d6a923711520a9\COMCTL32.dll
0x000007feff770000 - 0x000007feff807000 	C:\windows\system32\comdlg32.dll
0x000007fefe0c0000 - 0x000007fefe131000 	C:\windows\system32\SHLWAPI.dll
0x000007fefe480000 - 0x000007feff208000 	C:\windows\system32\SHELL32.dll
0x000007fefaf60000 - 0x000007fefaf76000 	C:\windows\system32\NETAPI32.dll
0x000007fefaf30000 - 0x000007fefaf3c000 	C:\windows\system32\netutils.dll
0x000007fefd540000 - 0x000007fefd563000 	C:\windows\system32\srvcli.dll
0x000007fefaf10000 - 0x000007fefaf25000 	C:\windows\system32\wkscli.dll
0x000007fefe050000 - 0x000007fefe09d000 	C:\windows\system32\WS2_32.dll
0x000007fefe040000 - 0x000007fefe048000 	C:\windows\system32\NSI.dll
0x000000007eaa0000 - 0x000000007eabd000 	D:\filesss\MATLAB\bin\win64\boost_filesystem-vc80-mt-1_36.dll
0x000000007acf0000 - 0x000000007ad87000 	D:\filesss\MATLAB\bin\win64\mcr.dll
0x000000007c780000 - 0x000000007c80c000 	D:\filesss\MATLAB\bin\win64\iqm.dll
0x000000007b440000 - 0x000000007bd40000 	D:\filesss\MATLAB\bin\win64\m_interpreter.dll
0x000000007c830000 - 0x000000007c840000 	D:\filesss\MATLAB\bin\win64\libmex.dll
0x000000007ab60000 - 0x000000007ac0b000 	D:\filesss\MATLAB\bin\win64\m_dispatcher.dll
0x000000007e720000 - 0x000000007e7ac000 	D:\filesss\MATLAB\bin\win64\xmlcore.dll
0x000000007a020000 - 0x000000007a2b5000 	D:\filesss\MATLAB\bin\win64\xerces-c_2_7.dll
0x000000007e980000 - 0x000000007ea71000 	D:\filesss\MATLAB\bin\win64\boost_regex-vc80-mt-1_36.dll
0x000000007aa00000 - 0x000000007aa91000 	D:\filesss\MATLAB\bin\win64\profiler.dll
0x000000007c8b0000 - 0x000000007c8da000 	D:\filesss\MATLAB\bin\win64\libmwmathrng.dll
0x0000000078fd0000 - 0x0000000078fea000 	D:\filesss\MATLAB\bin\win64\m_pcodeio.dll
0x000000007a610000 - 0x000000007a65d000 	D:\filesss\MATLAB\bin\win64\m_ir.dll
0x000000007ae40000 - 0x000000007b433000 	D:\filesss\MATLAB\bin\win64\m_parser.dll
0x000000007c810000 - 0x000000007c824000 	D:\filesss\MATLAB\bin\win64\ir_xfmr.dll
0x0000000078890000 - 0x0000000078b39000 	D:\filesss\MATLAB\bin\win64\mcos.dll
0x000000007c8f0000 - 0x000000007c8fc000 	D:\filesss\MATLAB\bin\win64\mtok.dll
0x0000000078fb0000 - 0x0000000078fd0000 	D:\filesss\MATLAB\bin\win64\m_pcodegen.dll
0x000007fef6a40000 - 0x000007fef6b65000 	C:\windows\system32\dbghelp.dll
0x0000000078ec0000 - 0x0000000078ee4000 	D:\filesss\MATLAB\bin\win64\bridge.dll
0x000000007c3d0000 - 0x000000007c490000 	D:\filesss\MATLAB\bin\win64\udd.dll
0x000000007d450000 - 0x000000007d59d000 	D:\filesss\MATLAB\bin\win64\libmwgui.dll
0x00000000790e0000 - 0x000000007980b000 	D:\filesss\MATLAB\bin\win64\hg.dll
0x0000000078ef0000 - 0x0000000078f2c000 	D:\filesss\MATLAB\bin\win64\libmat.dll
0x000000007cbc0000 - 0x000000007cdae000 	D:\filesss\MATLAB\bin\win64\libhdf5.dll
0x000000007a550000 - 0x000000007a5af000 	D:\filesss\MATLAB\bin\win64\jmi.dll
0x000000007a490000 - 0x000000007a4d0000 	D:\filesss\MATLAB\bin\win64\libmwhardcopy.dll
0x000000007a5b0000 - 0x000000007a60a000 	D:\filesss\MATLAB\bin\win64\libuij.dll
0x0000000078680000 - 0x00000000787ab000 	D:\filesss\MATLAB\bin\win64\hgdatatypes.dll
0x0000000078630000 - 0x000000007867b000 	D:\filesss\MATLAB\bin\win64\hgutils.dll
0x0000000078f30000 - 0x0000000078fa5000 	D:\filesss\MATLAB\bin\win64\libmwlapack.dll
0x000000007c850000 - 0x000000007c863000 	D:\filesss\MATLAB\bin\win64\libmwbinder.dll
0x000000007c490000 - 0x000000007c73e000 	D:\filesss\MATLAB\bin\win64\uiw.dll
0x000000007c930000 - 0x000000007c93a000 	D:\filesss\MATLAB\bin\win64\uinone.dll
0x0000000067f60000 - 0x00000000680fc000 	C:\windows\WinSxS\amd64_microsoft.vc80.mfc_1fc8b3b9a1e18e3b_8.0.50727.6195_none_8448b2bd328df189\MFC80.DLL
0x000007fefa2d0000 - 0x000007fefa341000 	C:\windows\system32\WINSPOOL.DRV
0x000007feff540000 - 0x000007feff743000 	C:\windows\system32\ole32.dll
0x000007fefe140000 - 0x000007fefe217000 	C:\windows\system32\OLEAUT32.dll
0x000000007ad90000 - 0x000000007ae3f000 	D:\filesss\MATLAB\bin\win64\udd_mi.dll
0x0000000078ff0000 - 0x0000000079008000 	D:\filesss\MATLAB\bin\win64\mwoles05.DLL
0x000000007a990000 - 0x000000007a9fa000 	D:\filesss\MATLAB\bin\win64\comcli.dll
0x0000000067f40000 - 0x0000000067f60000 	C:\windows\WinSxS\amd64_microsoft.vc80.atl_1fc8b3b9a1e18e3b_8.0.50727.6195_none_8a1dd9552ed7f8d8\ATL80.DLL
0x000000007c8e0000 - 0x000000007c8ee000 	D:\filesss\MATLAB\bin\win64\mlautoregister.dll
0x000007fefd8a0000 - 0x000007fefd8f7000 	C:\windows\system32\apphelp.dll
0x000007feefab0000 - 0x000007feefb01000 	C:\windows\AppPatch\AppPatch64\AcGenral.DLL
0x000007fefd870000 - 0x000007fefd895000 	C:\windows\system32\SspiCli.dll
0x0000000071cd0000 - 0x0000000071cd3000 	C:\windows\system32\sfc.dll
0x000007fef9430000 - 0x000007fef9440000 	C:\windows\system32\sfc_os.DLL
0x000007fefccd0000 - 0x000007fefccee000 	C:\windows\system32\USERENV.dll
0x000007fefda10000 - 0x000007fefda1f000 	C:\windows\system32\profapi.dll
0x000007fefca20000 - 0x000007fefca38000 	C:\windows\system32\dwmapi.dll
0x000007fef7440000 - 0x000007fef7458000 	C:\windows\system32\MPR.dll
0x000007feff510000 - 0x000007feff53e000 	C:\windows\system32\IMM32.DLL
0x000007feff400000 - 0x000007feff509000 	C:\windows\system32\MSCTF.dll
0x000007fefd9d0000 - 0x000007fefda0c000 	C:\Windows\system32\nvinitx.dll
0x000000000f000000 - 0x000000000f006000 	C:\Program Files\NVIDIA Corporation\CoProcManager\_etoured.dll
0x000007fefa7a0000 - 0x000007fefa7e4000 	C:\Program Files\NVIDIA Corporation\CoProcManager\nvd3d9wrapx.dll
0x000007fefde60000 - 0x000007fefe037000 	C:\windows\system32\SETUPAPI.dll
0x000007fefdb00000 - 0x000007fefdb36000 	C:\windows\system32\CFGMGR32.dll
0x000007fefdb40000 - 0x000007fefdb5a000 	C:\windows\system32\DEVOBJ.dll
0x000007fefa750000 - 0x000007fefa792000 	C:\Program Files\NVIDIA Corporation\CoProcManager\nvdxgiwrapx.dll
0x0000000068100000 - 0x0000000068109000 	C:\windows\WinSxS\amd64_microsoft.vc80.mfcloc_1fc8b3b9a1e18e3b_8.0.50727.6195_none_bc20f59b0bdd1acd\MFC80CHS.DLL
0x000007fefd900000 - 0x000007fefd90f000 	C:\windows\system32\CRYPTBASE.dll
0x000007fefca40000 - 0x000007fefca96000 	C:\windows\system32\uxtheme.dll
0x0000000180000000 - 0x0000000180013000 	C:\Program Files (x86)\Kingsoft\kingsoft antivirus\kwsui64.dll
0x000007fefc280000 - 0x000007fefc474000 	C:\windows\WinSxS\amd64_microsoft.windows.common-controls_6595b64144ccf1df_6.0.7601.17514_none_fa396087175ac9ac\comctl32.dll
0x000007feff210000 - 0x000007feff2a9000 	C:\windows\system32\CLBCatQ.DLL
0x000007fefbfd0000 - 0x000007fefc0fc000 	C:\windows\system32\propsys.dll
0x000007fefbb60000 - 0x000007fefbb8d000 	C:\windows\system32\ntmarta.dll
0x000007fefe220000 - 0x000007fefe272000 	C:\windows\system32\WLDAP32.dll
0x000007fefcb60000 - 0x000007fefcb87000 	C:\windows\system32\iphlpapi.dll
0x000007fefcb50000 - 0x000007fefcb5b000 	C:\windows\system32\WINNSI.DLL
0x000007fefd0c0000 - 0x000007fefd11b000 	C:\windows\system32\DNSAPI.dll
0x000007fefaf80000 - 0x000007fefaf91000 	C:\windows\system32\dhcpcsvc6.DLL
0x000007fefaf40000 - 0x000007fefaf58000 	C:\windows\system32\dhcpcsvc.DLL
0x0000000067f30000 - 0x0000000067f33000 	C:\windows\system32\icmp.Dll
0x000000006d7f0000 - 0x000000006dda8000 	D:\filesss\MATLAB\sys\java\jre\win64\jre\bin\server\jvm.dll
0x000007fefbeb0000 - 0x000007fefbeeb000 	C:\windows\system32\WINMM.dll
0x000000007ab10000 - 0x000000007ab1a000 	D:\filesss\MATLAB\sys\java\jre\win64\jre\bin\hpi.dll
0x000000007ab30000 - 0x000000007ab3e000 	D:\filesss\MATLAB\sys\java\jre\win64\jre\bin\verify.dll
0x0000000079090000 - 0x00000000790b7000 	D:\filesss\MATLAB\sys\java\jre\win64\jre\bin\java.dll
0x000000007ab40000 - 0x000000007ab52000 	D:\filesss\MATLAB\sys\java\jre\win64\jre\bin\zip.dll
0x0000000079010000 - 0x0000000079032000 	D:\filesss\MATLAB\bin\win64\nativejava.dll
0x0000000079040000 - 0x000000007906b000 	D:\filesss\MATLAB\bin\win64\nativejmi.dll

VM Arguments:
jvm_args: -Xss512k -XX:PermSize=32m -Xms64m -XX:NewRatio=3 -XX:MaxPermSize=128m -Xmx196m -XX:MaxDirectMemorySize=2147400000 -Dsun.java2d.noddraw=true -Dsun.awt.nopixfmt=true -Xshare:off -Xrs -Djava.library.path=D:\filesss\MATLAB\bin\win64 vfprintf abort 
java_command: <unknown>
Launcher Type: generic

Environment Variables:
JAVA_HOME=C:\Program Files\Java\jdk1.7.0_07
CLASSPATH=.;JAVA_HOME\lib\dt.jar;JAVA_HOME\lib\tools.jar;
PATH=C:\Python27\;C:\Python27\Scripts;C:\Program Files\Java\jdk1.7.0_07\bin;C:\Program Files (x86)\Microsoft SQL Server\100\Tools\Binn\;C:\Program Files\Microsoft SQL Server\100\Tools\Binn\;C:\Program Files\Microsoft SQL Server\100\DTS\Binn\;C:\Users\admini\AppData\Roaming\Python\Scripts
USERNAME=admini
OS=Windows_NT
PROCESSOR_IDENTIFIER=Intel64 Family 6 Model 42 Stepping 7, GenuineIntel



---------------  S Y S T E M  ---------------

OS: Windows NT 6.1 Build 7601 Service Pack 1

CPU:total 4 (8 cores per cpu, 2 threads per core) family 6 model 10 stepping 7, cmov, cx8, fxsr, mmx, sse, sse2, sse3, ssse3, ht

Memory: 4k page, physical 4098096k(2014012k free), swap 8194332k(5743196k free)

vm_info: Java HotSpot(TM) 64-Bit Server VM (11.2-b01) for windows-amd64 JRE (1.6.0_12-b04), built on Jan 17 2009 01:49:05 by "java_re" with MS VC++ 8.0

time: Sun Aug 25 15:26:36 2013
elapsed time: 35 seconds

